#
# There is insufficient memory for the Java Runtime Environment to continue.
# Native memory allocation (malloc) failed to allocate 1048576 bytes for AllocateHeap
# Possible reasons:
#   The system is out of physical RAM or swap space
#   The process is running with CompressedOops enabled, and the Java Heap may be blocking the growth of the native heap
# Possible solutions:
#   Reduce memory load on the system
#   Increase physical memory or swap space
#   Check if swap backing store is full
#   Decrease Java heap size (-Xmx/-Xms)
#   Decrease number of Java threads
#   Decrease Java thread stack sizes (-Xss)
#   Set larger code cache with -XX:ReservedCodeCacheSize=
#   JVM is running with Unscaled Compressed Oops mode in which the Java heap is
#     placed in the first 4GB address space. The Java Heap base address is the
#     maximum limit for the native heap growth. Please use -XX:HeapBaseMinAddress
#     to set the Java Heap base and to place the Java Heap above 4GB virtual address.
# This output file may be truncated or incomplete.
#
#  Out of Memory Error (allocation.cpp:44), pid=3544, tid=26032
#
# JRE version: OpenJDK Runtime Environment Temurin-17.0.10+7 (17.0.10+7) (build 17.0.10+7)
# Java VM: OpenJDK 64-Bit Server VM Temurin-17.0.10+7 (17.0.10+7, mixed mode, emulated-client, tiered, compressed oops, compressed class ptrs, g1 gc, windows-amd64)
# No core dump will be written. Minidumps are not enabled by default on client versions of Windows
#

---------------  S U M M A R Y ------------

Command Line: -XX:+HeapDumpOnOutOfMemoryError -Xmx1024m -Dsts.lsp.client=vscode -Dsts.log.file=/dev/null -XX:TieredStopAtLevel=1 -Xlog:jni+resolve=off -Dspring.config.location=file:c:\Users\nicol\.vscode\extensions\vmware.vscode-spring-boot-1.53.0\language-server\BOOT-INF\classes\application.properties org.springframework.ide.vscode.boot.app.BootLanguageServerBootApp

Host: AMD Ryzen 5 4600H with Radeon Graphics         , 12 cores, 7G,  Windows 11 , 64 bit Build 22621 (10.0.22621.3374)
Time: Thu Apr 18 12:27:46 2024 Hora oficial do Brasil elapsed time: 2110.113614 seconds (0d 0h 35m 10s)

---------------  T H R E A D  ---------------

Current thread (0x000001cbeefaea30):  VMThread "VM Thread" [stack: 0x0000001ab5200000,0x0000001ab5300000] [id=26032]

Stack: [0x0000001ab5200000,0x0000001ab5300000]
Native frames: (J=compiled Java code, j=interpreted, Vv=VM code, C=native code)
V  [jvm.dll+0x67d2c9]
V  [jvm.dll+0x834afa]
V  [jvm.dll+0x8365be]
V  [jvm.dll+0x836c23]
V  [jvm.dll+0x2477ff]
V  [jvm.dll+0xa6c93]
V  [jvm.dll+0x2f8663]
V  [jvm.dll+0x2f42e0]
V  [jvm.dll+0x2dc8c7]
V  [jvm.dll+0x31fb87]
V  [jvm.dll+0x83b11b]
V  [jvm.dll+0x83be61]
V  [jvm.dll+0x83c37d]
V  [jvm.dll+0x83c754]
V  [jvm.dll+0x83c820]
V  [jvm.dll+0x7e3fba]
V  [jvm.dll+0x67c1b5]
C  [ucrtbase.dll+0x29333]
C  [KERNEL32.DLL+0x1257d]
C  [ntdll.dll+0x5aa48]

VM_Operation (0x0000001ab6dfeb30): G1CollectFull, mode: safepoint, requested by thread 0x000001cbf4aa8850


---------------  P R O C E S S  ---------------

Threads class SMR info:
_java_thread_list=0x000001cbf80556a0, length=19, elements={
0x000001cbeefca3a0, 0x000001cbeefcb130, 0x000001cbeefeda40, 0x000001cbeefee7d0,
0x000001cbeeff25c0, 0x000001cbf3158070, 0x000001cbf3164970, 0x000001cbf3165690,
0x000001cbf33637a0, 0x000001cbf3369100, 0x000001cbf4a114d0, 0x000001cbf4aa8850,
0x000001cbf4b1e7a0, 0x000001cbe3d46210, 0x000001cbf4b307b0, 0x000001cbf4b40aa0,
0x000001cbf4b4fbb0, 0x000001cbf4b4ce20, 0x000001cbf4b500c0
}

Java Threads: ( => current thread )
  0x000001cbeefca3a0 JavaThread "Reference Handler" daemon [_thread_blocked, id=3716, stack(0x0000001ab5300000,0x0000001ab5400000)]
  0x000001cbeefcb130 JavaThread "Finalizer" daemon [_thread_blocked, id=8036, stack(0x0000001ab5400000,0x0000001ab5500000)]
  0x000001cbeefeda40 JavaThread "Signal Dispatcher" daemon [_thread_blocked, id=8800, stack(0x0000001ab5500000,0x0000001ab5600000)]
  0x000001cbeefee7d0 JavaThread "Attach Listener" daemon [_thread_blocked, id=21004, stack(0x0000001ab5600000,0x0000001ab5700000)]
  0x000001cbeeff25c0 JavaThread "Service Thread" daemon [_thread_blocked, id=19992, stack(0x0000001ab5700000,0x0000001ab5800000)]
  0x000001cbf3158070 JavaThread "Monitor Deflation Thread" daemon [_thread_blocked, id=18004, stack(0x0000001ab5800000,0x0000001ab5900000)]
  0x000001cbf3164970 JavaThread "C1 CompilerThread0" daemon [_thread_blocked, id=16996, stack(0x0000001ab5900000,0x0000001ab5a00000)]
  0x000001cbf3165690 JavaThread "Sweeper thread" daemon [_thread_blocked, id=13212, stack(0x0000001ab5a00000,0x0000001ab5b00000)]
  0x000001cbf33637a0 JavaThread "Notification Thread" daemon [_thread_blocked, id=6876, stack(0x0000001ab5b00000,0x0000001ab5c00000)]
  0x000001cbf3369100 JavaThread "Common-Cleaner" daemon [_thread_blocked, id=13200, stack(0x0000001ab5d00000,0x0000001ab5e00000)]
  0x000001cbf4a114d0 JavaThread "boundedElastic-evictor-1" daemon [_thread_blocked, id=4040, stack(0x0000001ab6400000,0x0000001ab6500000)]
  0x000001cbf4aa8850 JavaThread "pool-13-thread-1" [_thread_blocked, id=24924, stack(0x0000001ab6d00000,0x0000001ab6e00000)]
  0x000001cbf4b1e7a0 JavaThread "LanguageServerApp-lifecycle" [_thread_blocked, id=11272, stack(0x0000001ab6e00000,0x0000001ab6f00000)]
  0x000001cbe3d46210 JavaThread "DestroyJavaVM" [_thread_blocked, id=17848, stack(0x0000001ab4c00000,0x0000001ab4d00000)]
  0x000001cbf4b307b0 JavaThread "pool-14-thread-1" [_thread_in_native, id=14904, stack(0x0000001ab6f00000,0x0000001ab7000000)]
  0x000001cbf4b40aa0 JavaThread "Simple-Language-Server main thread" daemon [_thread_blocked, id=13492, stack(0x0000001ab7000000,0x0000001ab7100000)]
  0x000001cbf4b4fbb0 JavaThread "parallel-1" daemon [_thread_blocked, id=17176, stack(0x0000001ab7400000,0x0000001ab7500000)]
  0x000001cbf4b4ce20 JavaThread "pool-6-thread-1" [_thread_blocked, id=24996, stack(0x0000001ab7500000,0x0000001ab7600000)]
  0x000001cbf4b500c0 JavaThread "parallel-2" daemon [_thread_blocked, id=10512, stack(0x0000001ab7600000,0x0000001ab7700000)]

Other Threads:
=>0x000001cbeefaea30 VMThread "VM Thread" [stack: 0x0000001ab5200000,0x0000001ab5300000] [id=26032]
  0x000001cbf3365c90 WatcherThread [stack: 0x0000001ab5c00000,0x0000001ab5d00000] [id=4316]
  0x000001cbe3d84b40 GCTaskThread "GC Thread#0" [stack: 0x0000001ab4d00000,0x0000001ab4e00000] [id=18728]
  0x000001cbf3f7f260 GCTaskThread "GC Thread#1" [stack: 0x0000001ab5f00000,0x0000001ab6000000] [id=6128]
  0x000001cbf32f5b10 GCTaskThread "GC Thread#2" [stack: 0x0000001ab6000000,0x0000001ab6100000] [id=26872]
  0x000001cbf3285bb0 GCTaskThread "GC Thread#3" [stack: 0x0000001ab6100000,0x0000001ab6200000] [id=23644]
  0x000001cbf4189730 GCTaskThread "GC Thread#4" [stack: 0x0000001ab6200000,0x0000001ab6300000] [id=17236]
  0x000001cbf4131920 GCTaskThread "GC Thread#5" [stack: 0x0000001ab6300000,0x0000001ab6400000] [id=14376]
  0x000001cbf44af240 GCTaskThread "GC Thread#6" [stack: 0x0000001ab6700000,0x0000001ab6800000] [id=13488]
  0x000001cbf44dcd80 GCTaskThread "GC Thread#7" [stack: 0x0000001ab6800000,0x0000001ab6900000] [id=25816]
  0x000001cbf44dd040 GCTaskThread "GC Thread#8" [stack: 0x0000001ab6900000,0x0000001ab6a00000] [id=4404]
  0x000001cbf44dd300 GCTaskThread "GC Thread#9" [stack: 0x0000001ab6a00000,0x0000001ab6b00000] [id=18300]
  0x000001cbe3d8d9a0 ConcurrentGCThread "G1 Main Marker" [stack: 0x0000001ab4e00000,0x0000001ab4f00000] [id=17036]
  0x000001cbe3d8e2d0 ConcurrentGCThread "G1 Conc#0" [stack: 0x0000001ab4f00000,0x0000001ab5000000] [id=23964]
  0x000001cbf44b1920 ConcurrentGCThread "G1 Conc#1" [stack: 0x0000001ab6b00000,0x0000001ab6c00000] [id=17204]
  0x000001cbf44d5b20 ConcurrentGCThread "G1 Conc#2" [stack: 0x0000001ab6c00000,0x0000001ab6d00000] [id=26392]
  0x000001cbeee224b0 ConcurrentGCThread "G1 Refine#0" [stack: 0x0000001ab5000000,0x0000001ab5100000] [id=24368]
  0x000001cbeee22df0 ConcurrentGCThread "G1 Service" [stack: 0x0000001ab5100000,0x0000001ab5200000] [id=25764]

Threads with active compile tasks:

VM state: at safepoint (normal execution)

VM Mutex/Monitor currently owned by a thread:  ([mutex/lock_event])
[0x000001cbe1b41fd0] Threads_lock - owner thread: 0x000001cbeefaea30
[0x000001cbe1b3d0a0] Heap_lock - owner thread: 0x000001cbf4aa8850

Heap address: 0x00000000c0000000, size: 1024 MB, Compressed Oops mode: 32-bit

CDS archive(s) not mapped
Compressed class space mapped at: 0x0000000100000000-0x0000000140000000, reserved size: 1073741824
Narrow klass base: 0x0000000000000000, Narrow klass shift: 3, Narrow klass range: 0x140000000

GC Precious Log:
 CPUs: 12 total, 12 available
 Memory: 7598M
 Large Page Support: Disabled
 NUMA Support: Disabled
 Compressed Oops: Enabled (32-bit)
 Heap Region Size: 1M
 Heap Min Capacity: 8M
 Heap Initial Capacity: 120M
 Heap Max Capacity: 1G
 Pre-touch: Disabled
 Parallel Workers: 10
 Concurrent Workers: 3
 Concurrent Refinement Workers: 10
 Periodic GC: Disabled

Heap:
 garbage-first heap   total 91136K, used 29075K [0x00000000c0000000, 0x0000000100000000)
  region size 1024K, 1 young (1024K), 0 survivors (0K)
 Metaspace       used 57407K, committed 58112K, reserved 1114112K
  class space    used 7095K, committed 7360K, reserved 1048576K

Heap Regions: E=young(eden), S=young(survivor), O=old, HS=humongous(starts), HC=humongous(continues), CS=collection set, F=free, OA=open archive, CA=closed archive, TAMS=top-at-mark-start (previous, next)
|   0|0x00000000c0000000, 0x00000000c0100000, 0x00000000c0100000|100%|HS|  |TAMS 0x00000000c0100000, 0x00000000c0000000| Untracked 
|   1|0x00000000c0100000, 0x00000000c0200000, 0x00000000c0200000|100%|HC|  |TAMS 0x00000000c0200000, 0x00000000c0100000| Untracked 
|   2|0x00000000c0200000, 0x00000000c0300000, 0x00000000c0300000|100%|HC|  |TAMS 0x00000000c0300000, 0x00000000c0200000| Untracked 
|   3|0x00000000c0300000, 0x00000000c0400000, 0x00000000c0400000|100%|HC|  |TAMS 0x00000000c0400000, 0x00000000c0300000| Untracked 
|   4|0x00000000c0400000, 0x00000000c0500000, 0x00000000c0500000|100%|HS|  |TAMS 0x00000000c0500000, 0x00000000c0400000| Untracked 
|   5|0x00000000c0500000, 0x00000000c0600000, 0x00000000c0600000|100%|HC|  |TAMS 0x00000000c0600000, 0x00000000c0500000| Untracked 
|   6|0x00000000c0600000, 0x00000000c0700000, 0x00000000c0700000|100%| O|  |TAMS 0x00000000c0700000, 0x00000000c0600000| Untracked 
|   7|0x00000000c0700000, 0x00000000c07fffe8, 0x00000000c0800000| 99%| O|  |TAMS 0x00000000c07fffe8, 0x00000000c0700000| Untracked 
|   8|0x00000000c0800000, 0x00000000c0900000, 0x00000000c0900000|100%| O|  |TAMS 0x00000000c0900000, 0x00000000c0800000| Untracked 
|   9|0x00000000c0900000, 0x00000000c0a00000, 0x00000000c0a00000|100%| O|  |TAMS 0x00000000c0a00000, 0x00000000c0900000| Untracked 
|  10|0x00000000c0a00000, 0x00000000c0b00000, 0x00000000c0b00000|100%| O|  |TAMS 0x00000000c0b00000, 0x00000000c0a00000| Untracked 
|  11|0x00000000c0b00000, 0x00000000c0bffff0, 0x00000000c0c00000| 99%| O|  |TAMS 0x00000000c0bffff0, 0x00000000c0b00000| Untracked 
|  12|0x00000000c0c00000, 0x00000000c0cffff8, 0x00000000c0d00000| 99%| O|  |TAMS 0x00000000c0cffff8, 0x00000000c0c00000| Untracked 
|  13|0x00000000c0d00000, 0x00000000c0e00000, 0x00000000c0e00000|100%| O|  |TAMS 0x00000000c0e00000, 0x00000000c0d00000| Untracked 
|  14|0x00000000c0e00000, 0x00000000c0effff8, 0x00000000c0f00000| 99%| O|  |TAMS 0x00000000c0effff8, 0x00000000c0e00000| Untracked 
|  15|0x00000000c0f00000, 0x00000000c1000000, 0x00000000c1000000|100%| O|  |TAMS 0x00000000c1000000, 0x00000000c0f00000| Untracked 
|  16|0x00000000c1000000, 0x00000000c10fffd0, 0x00000000c1100000| 99%| O|  |TAMS 0x00000000c10fffd0, 0x00000000c1000000| Untracked 
|  17|0x00000000c1100000, 0x00000000c11fffd8, 0x00000000c1200000| 99%| O|  |TAMS 0x00000000c11fffd8, 0x00000000c1100000| Untracked 
|  18|0x00000000c1200000, 0x00000000c12fffe8, 0x00000000c1300000| 99%| O|  |TAMS 0x00000000c12fffe8, 0x00000000c1200000| Untracked 
|  19|0x00000000c1300000, 0x00000000c13ffd98, 0x00000000c1400000| 99%| O|  |TAMS 0x00000000c13ffd98, 0x00000000c1300000| Untracked 
|  20|0x00000000c1400000, 0x00000000c14ffff0, 0x00000000c1500000| 99%| O|  |TAMS 0x00000000c14ffff0, 0x00000000c1400000| Untracked 
|  21|0x00000000c1500000, 0x00000000c1600000, 0x00000000c1600000|100%| O|  |TAMS 0x00000000c1600000, 0x00000000c1500000| Untracked 
|  22|0x00000000c1600000, 0x00000000c16fffe0, 0x00000000c1700000| 99%| O|  |TAMS 0x00000000c16fffe0, 0x00000000c1600000| Untracked 
|  23|0x00000000c1700000, 0x00000000c17ffff8, 0x00000000c1800000| 99%| O|  |TAMS 0x00000000c17ffff8, 0x00000000c1700000| Untracked 
|  24|0x00000000c1800000, 0x00000000c18ffff0, 0x00000000c1900000| 99%| O|  |TAMS 0x00000000c18ffff0, 0x00000000c1800000| Untracked 
|  25|0x00000000c1900000, 0x00000000c1a00000, 0x00000000c1a00000|100%| O|  |TAMS 0x00000000c1a00000, 0x00000000c1900000| Untracked 
|  26|0x00000000c1a00000, 0x00000000c1afffc0, 0x00000000c1b00000| 99%| O|  |TAMS 0x00000000c1afffc0, 0x00000000c1a00000| Untracked 
|  27|0x00000000c1b00000, 0x00000000c1bd00b8, 0x00000000c1c00000| 81%| O|  |TAMS 0x00000000c1b00000, 0x00000000c1b00000| Untracked 
|  28|0x00000000c1c00000, 0x00000000c1c95188, 0x00000000c1d00000| 58%| O|  |TAMS 0x00000000c1c00000, 0x00000000c1c00000| Untracked 
|  29|0x00000000c1d00000, 0x00000000c1d00000, 0x00000000c1e00000|  0%| F|  |TAMS 0x00000000c1d00000, 0x00000000c1d00000| Untracked 
|  30|0x00000000c1e00000, 0x00000000c1e00000, 0x00000000c1f00000|  0%| F|  |TAMS 0x00000000c1e00000, 0x00000000c1e00000| Untracked 
|  31|0x00000000c1f00000, 0x00000000c1f00000, 0x00000000c2000000|  0%| F|  |TAMS 0x00000000c1f00000, 0x00000000c1f00000| Untracked 
|  32|0x00000000c2000000, 0x00000000c2000000, 0x00000000c2100000|  0%| F|  |TAMS 0x00000000c2000000, 0x00000000c2000000| Untracked 
|  33|0x00000000c2100000, 0x00000000c2100000, 0x00000000c2200000|  0%| F|  |TAMS 0x00000000c2100000, 0x00000000c2100000| Untracked 
|  34|0x00000000c2200000, 0x00000000c2200000, 0x00000000c2300000|  0%| F|  |TAMS 0x00000000c2200000, 0x00000000c2200000| Untracked 
|  35|0x00000000c2300000, 0x00000000c2300000, 0x00000000c2400000|  0%| F|  |TAMS 0x00000000c2300000, 0x00000000c2300000| Untracked 
|  36|0x00000000c2400000, 0x00000000c2400000, 0x00000000c2500000|  0%| F|  |TAMS 0x00000000c2400000, 0x00000000c2400000| Untracked 
|  37|0x00000000c2500000, 0x00000000c2500000, 0x00000000c2600000|  0%| F|  |TAMS 0x00000000c2500000, 0x00000000c2500000| Untracked 
|  38|0x00000000c2600000, 0x00000000c2600000, 0x00000000c2700000|  0%| F|  |TAMS 0x00000000c2600000, 0x00000000c2600000| Untracked 
|  39|0x00000000c2700000, 0x00000000c2700000, 0x00000000c2800000|  0%| F|  |TAMS 0x00000000c2700000, 0x00000000c2700000| Untracked 
|  40|0x00000000c2800000, 0x00000000c2800000, 0x00000000c2900000|  0%| F|  |TAMS 0x00000000c2800000, 0x00000000c2800000| Untracked 
|  41|0x00000000c2900000, 0x00000000c2900000, 0x00000000c2a00000|  0%| F|  |TAMS 0x00000000c2900000, 0x00000000c2900000| Untracked 
|  42|0x00000000c2a00000, 0x00000000c2a00000, 0x00000000c2b00000|  0%| F|  |TAMS 0x00000000c2a00000, 0x00000000c2a00000| Untracked 
|  43|0x00000000c2b00000, 0x00000000c2b00000, 0x00000000c2c00000|  0%| F|  |TAMS 0x00000000c2b00000, 0x00000000c2b00000| Untracked 
|  44|0x00000000c2c00000, 0x00000000c2c00000, 0x00000000c2d00000|  0%| F|  |TAMS 0x00000000c2c00000, 0x00000000c2c00000| Untracked 
|  45|0x00000000c2d00000, 0x00000000c2d00000, 0x00000000c2e00000|  0%| F|  |TAMS 0x00000000c2d00000, 0x00000000c2d00000| Untracked 
|  46|0x00000000c2e00000, 0x00000000c2e00000, 0x00000000c2f00000|  0%| F|  |TAMS 0x00000000c2e00000, 0x00000000c2e00000| Untracked 
|  47|0x00000000c2f00000, 0x00000000c2f00000, 0x00000000c3000000|  0%| F|  |TAMS 0x00000000c2f00000, 0x00000000c2f00000| Untracked 
|  48|0x00000000c3000000, 0x00000000c3000000, 0x00000000c3100000|  0%| F|  |TAMS 0x00000000c3000000, 0x00000000c3000000| Untracked 
|  49|0x00000000c3100000, 0x00000000c3100000, 0x00000000c3200000|  0%| F|  |TAMS 0x00000000c3100000, 0x00000000c3100000| Untracked 
|  50|0x00000000c3200000, 0x00000000c3200000, 0x00000000c3300000|  0%| F|  |TAMS 0x00000000c3200000, 0x00000000c3200000| Untracked 
|  51|0x00000000c3300000, 0x00000000c3300000, 0x00000000c3400000|  0%| F|  |TAMS 0x00000000c3300000, 0x00000000c3300000| Untracked 
|  52|0x00000000c3400000, 0x00000000c3400000, 0x00000000c3500000|  0%| F|  |TAMS 0x00000000c3400000, 0x00000000c3400000| Untracked 
|  53|0x00000000c3500000, 0x00000000c3500000, 0x00000000c3600000|  0%| F|  |TAMS 0x00000000c3500000, 0x00000000c3500000| Untracked 
|  54|0x00000000c3600000, 0x00000000c3600000, 0x00000000c3700000|  0%| F|  |TAMS 0x00000000c3600000, 0x00000000c3600000| Untracked 
|  55|0x00000000c3700000, 0x00000000c3700000, 0x00000000c3800000|  0%| F|  |TAMS 0x00000000c3700000, 0x00000000c3700000| Untracked 
|  56|0x00000000c3800000, 0x00000000c3800000, 0x00000000c3900000|  0%| F|  |TAMS 0x00000000c3800000, 0x00000000c3800000| Untracked 
|  57|0x00000000c3900000, 0x00000000c3900000, 0x00000000c3a00000|  0%| F|  |TAMS 0x00000000c3900000, 0x00000000c3900000| Untracked 
|  58|0x00000000c3a00000, 0x00000000c3a00000, 0x00000000c3b00000|  0%| F|  |TAMS 0x00000000c3a00000, 0x00000000c3a00000| Untracked 
|  59|0x00000000c3b00000, 0x00000000c3b00000, 0x00000000c3c00000|  0%| F|  |TAMS 0x00000000c3b00000, 0x00000000c3b00000| Untracked 
|  60|0x00000000c3c00000, 0x00000000c3c00000, 0x00000000c3d00000|  0%| F|  |TAMS 0x00000000c3c00000, 0x00000000c3c00000| Untracked 
|  61|0x00000000c3d00000, 0x00000000c3d00000, 0x00000000c3e00000|  0%| F|  |TAMS 0x00000000c3d00000, 0x00000000c3d00000| Untracked 
|  62|0x00000000c3e00000, 0x00000000c3e00000, 0x00000000c3f00000|  0%| F|  |TAMS 0x00000000c3e00000, 0x00000000c3e00000| Untracked 
|  63|0x00000000c3f00000, 0x00000000c3f00000, 0x00000000c4000000|  0%| F|  |TAMS 0x00000000c3f00000, 0x00000000c3f00000| Untracked 
|  64|0x00000000c4000000, 0x00000000c4000000, 0x00000000c4100000|  0%| F|  |TAMS 0x00000000c4000000, 0x00000000c4000000| Untracked 
|  65|0x00000000c4100000, 0x00000000c4100000, 0x00000000c4200000|  0%| F|  |TAMS 0x00000000c4100000, 0x00000000c4100000| Untracked 
|  66|0x00000000c4200000, 0x00000000c4200000, 0x00000000c4300000|  0%| F|  |TAMS 0x00000000c4200000, 0x00000000c4200000| Untracked 
|  67|0x00000000c4300000, 0x00000000c4300000, 0x00000000c4400000|  0%| F|  |TAMS 0x00000000c4300000, 0x00000000c4300000| Untracked 
|  68|0x00000000c4400000, 0x00000000c4400000, 0x00000000c4500000|  0%| F|  |TAMS 0x00000000c4400000, 0x00000000c4400000| Untracked 
|  69|0x00000000c4500000, 0x00000000c4500000, 0x00000000c4600000|  0%| F|  |TAMS 0x00000000c4500000, 0x00000000c4500000| Untracked 
|  70|0x00000000c4600000, 0x00000000c4600000, 0x00000000c4700000|  0%| F|  |TAMS 0x00000000c4600000, 0x00000000c4600000| Untracked 
|  71|0x00000000c4700000, 0x00000000c4700000, 0x00000000c4800000|  0%| F|  |TAMS 0x00000000c4700000, 0x00000000c4700000| Untracked 
|  72|0x00000000c4800000, 0x00000000c4800000, 0x00000000c4900000|  0%| F|  |TAMS 0x00000000c4800000, 0x00000000c4800000| Untracked 
|  73|0x00000000c4900000, 0x00000000c4900000, 0x00000000c4a00000|  0%| F|  |TAMS 0x00000000c4900000, 0x00000000c4900000| Untracked 
|  74|0x00000000c4a00000, 0x00000000c4a00000, 0x00000000c4b00000|  0%| F|  |TAMS 0x00000000c4a00000, 0x00000000c4a00000| Untracked 
|  75|0x00000000c4b00000, 0x00000000c4b00000, 0x00000000c4c00000|  0%| F|  |TAMS 0x00000000c4b00000, 0x00000000c4b00000| Untracked 
|  76|0x00000000c4c00000, 0x00000000c4c00000, 0x00000000c4d00000|  0%| F|  |TAMS 0x00000000c4c00000, 0x00000000c4c00000| Untracked 
|  77|0x00000000c4d00000, 0x00000000c4d00000, 0x00000000c4e00000|  0%| F|  |TAMS 0x00000000c4d00000, 0x00000000c4d00000| Untracked 
|  78|0x00000000c4e00000, 0x00000000c4e00000, 0x00000000c4f00000|  0%| F|  |TAMS 0x00000000c4e00000, 0x00000000c4e00000| Untracked 
|  79|0x00000000c4f00000, 0x00000000c4f00000, 0x00000000c5000000|  0%| F|  |TAMS 0x00000000c4f00000, 0x00000000c4f00000| Untracked 
|  80|0x00000000c5000000, 0x00000000c5000000, 0x00000000c5100000|  0%| F|  |TAMS 0x00000000c5000000, 0x00000000c5000000| Untracked 
|  81|0x00000000c5100000, 0x00000000c5100000, 0x00000000c5200000|  0%| F|  |TAMS 0x00000000c5100000, 0x00000000c5100000| Untracked 
|  82|0x00000000c5200000, 0x00000000c5200000, 0x00000000c5300000|  0%| F|  |TAMS 0x00000000c5200000, 0x00000000c5200000| Untracked 
|  83|0x00000000c5300000, 0x00000000c5300000, 0x00000000c5400000|  0%| F|  |TAMS 0x00000000c5300000, 0x00000000c5300000| Untracked 
|  84|0x00000000c5400000, 0x00000000c5400000, 0x00000000c5500000|  0%| F|  |TAMS 0x00000000c5400000, 0x00000000c5400000| Untracked 
|  85|0x00000000c5500000, 0x00000000c5500000, 0x00000000c5600000|  0%| F|  |TAMS 0x00000000c5500000, 0x00000000c5500000| Untracked 
|  86|0x00000000c5600000, 0x00000000c5600000, 0x00000000c5700000|  0%| F|  |TAMS 0x00000000c5600000, 0x00000000c5600000| Untracked 
|  87|0x00000000c5700000, 0x00000000c5700000, 0x00000000c5800000|  0%| F|  |TAMS 0x00000000c5700000, 0x00000000c5700000| Untracked 
| 119|0x00000000c7700000, 0x00000000c7718238, 0x00000000c7800000|  9%| E|  |TAMS 0x00000000c7700000, 0x00000000c7700000| Complete 

Card table byte_map: [0x000001cbe9f00000,0x000001cbea100000] _byte_map_base: 0x000001cbe9900000

Marking Bits (Prev, Next): (CMBitMap*) 0x000001cbe3d85070, (CMBitMap*) 0x000001cbe3d850b0
 Prev Bits: [0x000001cbea300000, 0x000001cbeb300000)
 Next Bits: [0x000001cbeb300000, 0x000001cbec300000)

Polling page: 0x000001cbe34f0000

Metaspace:

Usage:
  Non-class:     49.13 MB used.
      Class:      6.93 MB used.
       Both:     56.06 MB used.

Virtual space:
  Non-class space:       64.00 MB reserved,      49.56 MB ( 77%) committed,  1 nodes.
      Class space:        1.00 GB reserved,       7.19 MB ( <1%) committed,  1 nodes.
             Both:        1.06 GB reserved,      56.75 MB (  5%) committed. 

Chunk freelists:
   Non-Class:  14.32 MB
       Class:  8.81 MB
        Both:  23.13 MB

MaxMetaspaceSize: unlimited
CompressedClassSpaceSize: 1.00 GB
Initial GC threshold: 21.00 MB
Current GC threshold: 94.62 MB
CDS: off
MetaspaceReclaimPolicy: balanced
 - commit_granule_bytes: 65536.
 - commit_granule_words: 8192.
 - virtual_space_node_default_size: 8388608.
 - enlarge_chunks_in_place: 1.
 - new_chunks_are_fully_committed: 0.
 - uncommit_free_chunks: 1.
 - use_allocation_guard: 0.
 - handle_deallocations: 1.


Internal statistics:

num_allocs_failed_limit: 8.
num_arena_births: 608.
num_arena_deaths: 216.
num_vsnodes_births: 2.
num_vsnodes_deaths: 0.
num_space_committed: 908.
num_space_uncommitted: 0.
num_chunks_returned_to_freelist: 258.
num_chunks_taken_from_freelist: 2383.
num_chunk_merges: 90.
num_chunk_splits: 1675.
num_chunks_enlarged: 1294.
num_inconsistent_stats: 0.

CodeCache: size=49152Kb used=10073Kb max_used=11623Kb free=39078Kb
 bounds [0x000001cbe69d0000, 0x000001cbe7530000, 0x000001cbe99d0000]
 total_blobs=6181 nmethods=5522 adapters=585
 compilation: enabled
              stopped_count=0, restarted_count=0
 full_count=0

Compilation events (20 events):
Event: 1324.959 Thread 0x000001cbf3164970 5514       1       org.springframework.ide.vscode.commons.languageserver.util.SimpleLanguageServer::getParentProcessId (5 bytes)
Event: 1324.959 Thread 0x000001cbf3164970 nmethod 5514 0x000001cbe6bfc890 code [0x000001cbe6bfca20, 0x000001cbe6bfcaf8]
Event: 1355.526 Thread 0x000001cbf3164970 5515       1       java.io.FileInputStream::<init> (59 bytes)
Event: 1355.527 Thread 0x000001cbf3164970 nmethod 5515 0x000001cbe6bfbf90 code [0x000001cbe6bfc180, 0x000001cbe6bfc648]
Event: 1355.527 Thread 0x000001cbf3164970 5516       1       java.lang.Process$PipeInputStream::<init> (6 bytes)
Event: 1355.527 Thread 0x000001cbf3164970 nmethod 5516 0x000001cbe6bfbc90 code [0x000001cbe6bfbe20, 0x000001cbe6bfbf08]
Event: 1355.658 Thread 0x000001cbf3164970 5517       1       java.lang.ProcessImpl::exitValue (28 bytes)
Event: 1355.684 Thread 0x000001cbf3164970 nmethod 5517 0x000001cbe6bfb890 code [0x000001cbe6bfba40, 0x000001cbe6bfbb98]
Event: 1355.684 Thread 0x000001cbf3164970 5520   !   1       com.google.common.io.Closeables::closeQuietly (19 bytes)
Event: 1355.684 Thread 0x000001cbf3164970 nmethod 5520 0x000001cbe6bfb490 code [0x000001cbe6bfb640, 0x000001cbe6bfb7b8]
Event: 1355.684 Thread 0x000001cbf3164970 5518       1       java.lang.ProcessImpl::getInputStream (5 bytes)
Event: 1355.685 Thread 0x000001cbf3164970 nmethod 5518 0x000001cbe6bfb190 code [0x000001cbe6bfb320, 0x000001cbe6bfb3f8]
Event: 1355.685 Thread 0x000001cbf3164970 5519       1       java.lang.ProcessImpl::getErrorStream (5 bytes)
Event: 1355.685 Thread 0x000001cbf3164970 nmethod 5519 0x000001cbe6bfae90 code [0x000001cbe6bfb020, 0x000001cbe6bfb0f8]
Event: 1355.685 Thread 0x000001cbf3164970 5521       1       java.lang.ProcessImpl::getOutputStream (5 bytes)
Event: 1355.685 Thread 0x000001cbf3164970 nmethod 5521 0x000001cbe6bfab90 code [0x000001cbe6bfad20, 0x000001cbe6bfadf8]
Event: 1742.541 Thread 0x000001cbf3164970 5522       1       java.util.Properties::getProperty (16 bytes)
Event: 1742.541 Thread 0x000001cbf3164970 nmethod 5522 0x000001cbe6bfa890 code [0x000001cbe6bfaa20, 0x000001cbe6bfab28]
Event: 2017.637 Thread 0x000001cbf3164970 5523       1       java.lang.System::getProperty (26 bytes)
Event: 2017.646 Thread 0x000001cbf3164970 nmethod 5523 0x000001cbe6bfa010 code [0x000001cbe6bfa220, 0x000001cbe6bfa608]

GC Heap History (20 events):
Event: 2007.612 GC heap before
{Heap before GC invocations=205 (full 191):
 garbage-first heap   total 91136K, used 29075K [0x00000000c0000000, 0x0000000100000000)
  region size 1024K, 1 young (1024K), 0 survivors (0K)
 Metaspace       used 57407K, committed 58112K, reserved 1114112K
  class space    used 7095K, committed 7360K, reserved 1048576K
}
Event: 2007.635 GC heap after
{Heap after GC invocations=206 (full 192):
 garbage-first heap   total 91136K, used 29075K [0x00000000c0000000, 0x0000000100000000)
  region size 1024K, 0 young (0K), 0 survivors (0K)
 Metaspace       used 57407K, committed 58112K, reserved 1114112K
  class space    used 7095K, committed 7360K, reserved 1048576K
}
Event: 2017.792 GC heap before
{Heap before GC invocations=206 (full 192):
 garbage-first heap   total 91136K, used 29075K [0x00000000c0000000, 0x0000000100000000)
  region size 1024K, 1 young (1024K), 0 survivors (0K)
 Metaspace       used 57407K, committed 58112K, reserved 1114112K
  class space    used 7095K, committed 7360K, reserved 1048576K
}
Event: 2017.815 GC heap after
{Heap after GC invocations=207 (full 193):
 garbage-first heap   total 91136K, used 29075K [0x00000000c0000000, 0x0000000100000000)
  region size 1024K, 0 young (0K), 0 survivors (0K)
 Metaspace       used 57407K, committed 58112K, reserved 1114112K
  class space    used 7095K, committed 7360K, reserved 1048576K
}
Event: 2027.981 GC heap before
{Heap before GC invocations=207 (full 193):
 garbage-first heap   total 91136K, used 29075K [0x00000000c0000000, 0x0000000100000000)
  region size 1024K, 1 young (1024K), 0 survivors (0K)
 Metaspace       used 57407K, committed 58112K, reserved 1114112K
  class space    used 7095K, committed 7360K, reserved 1048576K
}
Event: 2028.004 GC heap after
{Heap after GC invocations=208 (full 194):
 garbage-first heap   total 91136K, used 29075K [0x00000000c0000000, 0x0000000100000000)
  region size 1024K, 0 young (0K), 0 survivors (0K)
 Metaspace       used 57407K, committed 58112K, reserved 1114112K
  class space    used 7095K, committed 7360K, reserved 1048576K
}
Event: 2038.154 GC heap before
{Heap before GC invocations=208 (full 194):
 garbage-first heap   total 91136K, used 29075K [0x00000000c0000000, 0x0000000100000000)
  region size 1024K, 1 young (1024K), 0 survivors (0K)
 Metaspace       used 57407K, committed 58112K, reserved 1114112K
  class space    used 7095K, committed 7360K, reserved 1048576K
}
Event: 2038.176 GC heap after
{Heap after GC invocations=209 (full 195):
 garbage-first heap   total 91136K, used 29075K [0x00000000c0000000, 0x0000000100000000)
  region size 1024K, 0 young (0K), 0 survivors (0K)
 Metaspace       used 57407K, committed 58112K, reserved 1114112K
  class space    used 7095K, committed 7360K, reserved 1048576K
}
Event: 2048.628 GC heap before
{Heap before GC invocations=209 (full 195):
 garbage-first heap   total 91136K, used 29075K [0x00000000c0000000, 0x0000000100000000)
  region size 1024K, 1 young (1024K), 0 survivors (0K)
 Metaspace       used 57407K, committed 58112K, reserved 1114112K
  class space    used 7095K, committed 7360K, reserved 1048576K
}
Event: 2048.669 GC heap after
{Heap after GC invocations=210 (full 196):
 garbage-first heap   total 91136K, used 29075K [0x00000000c0000000, 0x0000000100000000)
  region size 1024K, 0 young (0K), 0 survivors (0K)
 Metaspace       used 57407K, committed 58112K, reserved 1114112K
  class space    used 7095K, committed 7360K, reserved 1048576K
}
Event: 2058.912 GC heap before
{Heap before GC invocations=210 (full 196):
 garbage-first heap   total 91136K, used 29075K [0x00000000c0000000, 0x0000000100000000)
  region size 1024K, 1 young (1024K), 0 survivors (0K)
 Metaspace       used 57407K, committed 58112K, reserved 1114112K
  class space    used 7095K, committed 7360K, reserved 1048576K
}
Event: 2058.937 GC heap after
{Heap after GC invocations=211 (full 197):
 garbage-first heap   total 91136K, used 29075K [0x00000000c0000000, 0x0000000100000000)
  region size 1024K, 0 young (0K), 0 survivors (0K)
 Metaspace       used 57407K, committed 58112K, reserved 1114112K
  class space    used 7095K, committed 7360K, reserved 1048576K
}
Event: 2069.278 GC heap before
{Heap before GC invocations=211 (full 197):
 garbage-first heap   total 91136K, used 29075K [0x00000000c0000000, 0x0000000100000000)
  region size 1024K, 1 young (1024K), 0 survivors (0K)
 Metaspace       used 57407K, committed 58112K, reserved 1114112K
  class space    used 7095K, committed 7360K, reserved 1048576K
}
Event: 2069.318 GC heap after
{Heap after GC invocations=212 (full 198):
 garbage-first heap   total 91136K, used 29075K [0x00000000c0000000, 0x0000000100000000)
  region size 1024K, 0 young (0K), 0 survivors (0K)
 Metaspace       used 57407K, committed 58112K, reserved 1114112K
  class space    used 7095K, committed 7360K, reserved 1048576K
}
Event: 2079.534 GC heap before
{Heap before GC invocations=212 (full 198):
 garbage-first heap   total 91136K, used 29075K [0x00000000c0000000, 0x0000000100000000)
  region size 1024K, 1 young (1024K), 0 survivors (0K)
 Metaspace       used 57407K, committed 58112K, reserved 1114112K
  class space    used 7095K, committed 7360K, reserved 1048576K
}
Event: 2079.559 GC heap after
{Heap after GC invocations=213 (full 199):
 garbage-first heap   total 91136K, used 29075K [0x00000000c0000000, 0x0000000100000000)
  region size 1024K, 0 young (0K), 0 survivors (0K)
 Metaspace       used 57407K, committed 58112K, reserved 1114112K
  class space    used 7095K, committed 7360K, reserved 1048576K
}
Event: 2089.790 GC heap before
{Heap before GC invocations=213 (full 199):
 garbage-first heap   total 91136K, used 29075K [0x00000000c0000000, 0x0000000100000000)
  region size 1024K, 1 young (1024K), 0 survivors (0K)
 Metaspace       used 57407K, committed 58112K, reserved 1114112K
  class space    used 7095K, committed 7360K, reserved 1048576K
}
Event: 2089.814 GC heap after
{Heap after GC invocations=214 (full 200):
 garbage-first heap   total 91136K, used 29075K [0x00000000c0000000, 0x0000000100000000)
  region size 1024K, 0 young (0K), 0 survivors (0K)
 Metaspace       used 57407K, committed 58112K, reserved 1114112K
  class space    used 7095K, committed 7360K, reserved 1048576K
}
Event: 2100.022 GC heap before
{Heap before GC invocations=214 (full 200):
 garbage-first heap   total 91136K, used 29075K [0x00000000c0000000, 0x0000000100000000)
  region size 1024K, 1 young (1024K), 0 survivors (0K)
 Metaspace       used 57407K, committed 58112K, reserved 1114112K
  class space    used 7095K, committed 7360K, reserved 1048576K
}
Event: 2100.050 GC heap after
{Heap after GC invocations=215 (full 201):
 garbage-first heap   total 91136K, used 29075K [0x00000000c0000000, 0x0000000100000000)
  region size 1024K, 0 young (0K), 0 survivors (0K)
 Metaspace       used 57407K, committed 58112K, reserved 1114112K
  class space    used 7095K, committed 7360K, reserved 1048576K
}

Dll operation events (10 events):
Event: 0.014 Loaded shared library c:\Users\nicol\.vscode\extensions\redhat.java-1.29.0-win32-x64\jre\17.0.10-win32-x86_64\bin\java.dll
Event: 0.394 Loaded shared library C:\Users\nicol\.vscode\extensions\redhat.java-1.29.0-win32-x64\jre\17.0.10-win32-x86_64\bin\net.dll
Event: 0.397 Loaded shared library C:\Users\nicol\.vscode\extensions\redhat.java-1.29.0-win32-x64\jre\17.0.10-win32-x86_64\bin\nio.dll
Event: 0.682 Loaded shared library C:\Users\nicol\.vscode\extensions\redhat.java-1.29.0-win32-x64\jre\17.0.10-win32-x86_64\bin\zip.dll
Event: 16.920 Loaded shared library C:\Users\nicol\.vscode\extensions\redhat.java-1.29.0-win32-x64\jre\17.0.10-win32-x86_64\bin\jimage.dll
Event: 18.744 Loaded shared library c:\Users\nicol\.vscode\extensions\redhat.java-1.29.0-win32-x64\jre\17.0.10-win32-x86_64\bin\verify.dll
Event: 21.522 Loaded shared library C:\Users\nicol\.vscode\extensions\redhat.java-1.29.0-win32-x64\jre\17.0.10-win32-x86_64\bin\management.dll
Event: 21.525 Loaded shared library C:\Users\nicol\.vscode\extensions\redhat.java-1.29.0-win32-x64\jre\17.0.10-win32-x86_64\bin\management_ext.dll
Event: 22.714 Loaded shared library C:\Users\nicol\.vscode\extensions\redhat.java-1.29.0-win32-x64\jre\17.0.10-win32-x86_64\bin\sunmscapi.dll
Event: 22.955 Loaded shared library C:\Users\nicol\.vscode\extensions\redhat.java-1.29.0-win32-x64\jre\17.0.10-win32-x86_64\bin\extnet.dll

Deoptimization events (6 events):
Event: 22.018 Thread 0x000001cbf4b40aa0 DEOPT PACKING pc=0x000001cbe6f8a481 sp=0x0000001ab70fdb80
Event: 22.019 Thread 0x000001cbf4b40aa0 DEOPT UNPACKING pc=0x000001cbe6a27143 sp=0x0000001ab70fd010 mode 3
Event: 22.019 Thread 0x000001cbf4b4ce20 DEOPT PACKING pc=0x000001cbe6f67097 sp=0x0000001ab75fedd0
Event: 22.019 Thread 0x000001cbf4b4ce20 DEOPT UNPACKING pc=0x000001cbe6a27143 sp=0x0000001ab75fe228 mode 3
Event: 22.777 Thread 0x000001cbf4b4e260 DEOPT PACKING pc=0x000001cbe6b30c8c sp=0x0000001ab78faa10
Event: 22.777 Thread 0x000001cbf4b4e260 DEOPT UNPACKING pc=0x000001cbe6a27143 sp=0x0000001ab78f9ed8 mode 0

Classes unloaded (20 events):
Event: 92.324 Thread 0x000001cbeefaea30 Unloading class 0x0000000100251000 'java/lang/invoke/LambdaForm$DMH+0x0000000100251000'
Event: 92.324 Thread 0x000001cbeefaea30 Unloading class 0x0000000100096000 'java/lang/invoke/LambdaForm$MH+0x0000000100096000'
Event: 92.324 Thread 0x000001cbeefaea30 Unloading class 0x0000000100095c00 'java/lang/invoke/LambdaForm$MH+0x0000000100095c00'
Event: 92.324 Thread 0x000001cbeefaea30 Unloading class 0x0000000100095800 'java/lang/invoke/LambdaForm$MH+0x0000000100095800'
Event: 92.324 Thread 0x000001cbeefaea30 Unloading class 0x0000000100095400 'java/lang/invoke/LambdaForm$MH+0x0000000100095400'
Event: 92.324 Thread 0x000001cbeefaea30 Unloading class 0x0000000100095000 'java/lang/invoke/LambdaForm$MH+0x0000000100095000'
Event: 92.324 Thread 0x000001cbeefaea30 Unloading class 0x0000000100094c00 'java/lang/invoke/LambdaForm$MH+0x0000000100094c00'
Event: 92.324 Thread 0x000001cbeefaea30 Unloading class 0x0000000100094800 'java/lang/invoke/LambdaForm$MH+0x0000000100094800'
Event: 92.324 Thread 0x000001cbeefaea30 Unloading class 0x0000000100094400 'java/lang/invoke/LambdaForm$MH+0x0000000100094400'
Event: 92.324 Thread 0x000001cbeefaea30 Unloading class 0x000000010008e800 'java/lang/invoke/LambdaForm$MH+0x000000010008e800'
Event: 92.324 Thread 0x000001cbeefaea30 Unloading class 0x000000010008e400 'java/lang/invoke/LambdaForm$MH+0x000000010008e400'
Event: 92.324 Thread 0x000001cbeefaea30 Unloading class 0x000000010008e000 'java/lang/invoke/LambdaForm$MH+0x000000010008e000'
Event: 92.324 Thread 0x000001cbeefaea30 Unloading class 0x000000010008dc00 'java/lang/invoke/LambdaForm$MH+0x000000010008dc00'
Event: 92.324 Thread 0x000001cbeefaea30 Unloading class 0x000000010008d800 'java/lang/invoke/LambdaForm$MH+0x000000010008d800'
Event: 92.324 Thread 0x000001cbeefaea30 Unloading class 0x000000010008d400 'java/lang/invoke/LambdaForm$MH+0x000000010008d400'
Event: 92.324 Thread 0x000001cbeefaea30 Unloading class 0x000000010008cc00 'java/lang/invoke/LambdaForm$MH+0x000000010008cc00'
Event: 92.324 Thread 0x000001cbeefaea30 Unloading class 0x000000010008c800 'java/lang/invoke/LambdaForm$MH+0x000000010008c800'
Event: 92.324 Thread 0x000001cbeefaea30 Unloading class 0x000000010008c000 'java/lang/invoke/LambdaForm$MH+0x000000010008c000'
Event: 92.324 Thread 0x000001cbeefaea30 Unloading class 0x000000010008bc00 'java/lang/invoke/LambdaForm$MH+0x000000010008bc00'
Event: 92.324 Thread 0x000001cbeefaea30 Unloading class 0x0000000100088400 'java/lang/invoke/LambdaForm$MH+0x0000000100088400'

Classes redefined (0 events):
No events

Internal exceptions (20 events):
Event: 22.859 Thread 0x000001cbf4b4ce20 Exception <a 'java/lang/IncompatibleClassChangeError'{0x00000000c3d4b028}: Found class java.lang.Object, but interface was expected> (0x00000000c3d4b028) 
thrown [s\src\hotspot\share\interpreter\linkResolver.cpp, line 826]
Event: 22.939 Thread 0x000001cbf4b4ce20 Exception <a 'java/lang/NoSuchMethodError'{0x00000000c509e598}: 'int java.lang.invoke.DirectMethodHandle$Holder.invokeSpecialIFC(java.lang.Object, java.lang.Object, java.lang.Object)'> (0x00000000c509e598) 
thrown [s\src\hotspot\share\interpreter\linkResolver.cpp, line 759]
Event: 23.578 Thread 0x000001cbf4b4ce20 Exception <a 'sun/nio/fs/WindowsException'{0x00000000c4df6f00}> (0x00000000c4df6f00) 
thrown [s\src\hotspot\share\prims\jni.cpp, line 516]
Event: 23.578 Thread 0x000001cbf4b4ce20 Exception <a 'sun/nio/fs/WindowsException'{0x00000000c4df79e8}> (0x00000000c4df79e8) 
thrown [s\src\hotspot\share\prims\jni.cpp, line 516]
Event: 23.578 Thread 0x000001cbf4b4ce20 Exception <a 'sun/nio/fs/WindowsException'{0x00000000c4df8488}> (0x00000000c4df8488) 
thrown [s\src\hotspot\share\prims\jni.cpp, line 516]
Event: 23.578 Thread 0x000001cbf4b4ce20 Exception <a 'sun/nio/fs/WindowsException'{0x00000000c4df8f70}> (0x00000000c4df8f70) 
thrown [s\src\hotspot\share\prims\jni.cpp, line 516]
Event: 23.578 Thread 0x000001cbf4b4ce20 Exception <a 'sun/nio/fs/WindowsException'{0x00000000c4df9b28}> (0x00000000c4df9b28) 
thrown [s\src\hotspot\share\prims\jni.cpp, line 516]
Event: 23.578 Thread 0x000001cbf4b4ce20 Exception <a 'sun/nio/fs/WindowsException'{0x00000000c4dfa748}> (0x00000000c4dfa748) 
thrown [s\src\hotspot\share\prims\jni.cpp, line 516]
Event: 23.580 Thread 0x000001cbf4b4ce20 Exception <a 'sun/nio/fs/WindowsException'{0x00000000c4c01bf0}> (0x00000000c4c01bf0) 
thrown [s\src\hotspot\share\prims\jni.cpp, line 516]
Event: 23.580 Thread 0x000001cbf4b4ce20 Exception <a 'sun/nio/fs/WindowsException'{0x00000000c4c026d8}> (0x00000000c4c026d8) 
thrown [s\src\hotspot\share\prims\jni.cpp, line 516]
Event: 23.580 Thread 0x000001cbf4b4ce20 Exception <a 'sun/nio/fs/WindowsException'{0x00000000c4c03178}> (0x00000000c4c03178) 
thrown [s\src\hotspot\share\prims\jni.cpp, line 516]
Event: 23.580 Thread 0x000001cbf4b4ce20 Exception <a 'sun/nio/fs/WindowsException'{0x00000000c4c03c60}> (0x00000000c4c03c60) 
thrown [s\src\hotspot\share\prims\jni.cpp, line 516]
Event: 23.580 Thread 0x000001cbf4b4ce20 Exception <a 'sun/nio/fs/WindowsException'{0x00000000c4c04818}> (0x00000000c4c04818) 
thrown [s\src\hotspot\share\prims\jni.cpp, line 516]
Event: 23.580 Thread 0x000001cbf4b4ce20 Exception <a 'sun/nio/fs/WindowsException'{0x00000000c4c05438}> (0x00000000c4c05438) 
thrown [s\src\hotspot\share\prims\jni.cpp, line 516]
Event: 23.595 Thread 0x000001cbf4b4ce20 Exception <a 'sun/nio/fs/WindowsException'{0x00000000c4c4ead0}> (0x00000000c4c4ead0) 
thrown [s\src\hotspot\share\prims\jni.cpp, line 516]
Event: 61.538 Thread 0x000001cbf4aa8850 Exception <a 'java/lang/NoSuchMethodError'{0x00000000c43586e8}: 'void java.lang.invoke.DirectMethodHandle$Holder.invokeStatic(java.lang.Object, long)'> (0x00000000c43586e8) 
thrown [s\src\hotspot\share\interpreter\linkResolver.cpp, line 759]
Event: 61.538 Thread 0x000001cbf4aa8850 Exception <a 'java/lang/NoSuchMethodError'{0x00000000c435da90}: 'java.lang.Object java.lang.invoke.DirectMethodHandle$Holder.newInvokeSpecial(java.lang.Object, long)'> (0x00000000c435da90) 
thrown [s\src\hotspot\share\interpreter\linkResolver.cpp, line 759]
Event: 323.878 Thread 0x000001cbf4b4e770 Exception <a 'java/io/IOException'{0x00000000c776f9a0}> (0x00000000c776f9a0) 
thrown [s\src\hotspot\share\prims\jni.cpp, line 516]
Event: 324.146 Thread 0x000001cbf4b4d330 Exception <a 'java/io/IOException'{0x00000000c7779180}> (0x00000000c7779180) 
thrown [s\src\hotspot\share\prims\jni.cpp, line 516]
Event: 324.505 Thread 0x000001cbf4b505d0 Exception <a 'java/io/IOException'{0x00000000c77899a8}> (0x00000000c77899a8) 
thrown [s\src\hotspot\share\prims\jni.cpp, line 516]

VM Operations (20 events):
Event: 2007.635 Executing VM operation: G1CollectFull done
Event: 2017.792 Executing VM operation: G1CollectFull
Event: 2017.815 Executing VM operation: G1CollectFull done
Event: 2027.981 Executing VM operation: G1CollectFull
Event: 2028.004 Executing VM operation: G1CollectFull done
Event: 2038.154 Executing VM operation: G1CollectFull
Event: 2038.176 Executing VM operation: G1CollectFull done
Event: 2048.628 Executing VM operation: G1CollectFull
Event: 2048.669 Executing VM operation: G1CollectFull done
Event: 2058.912 Executing VM operation: G1CollectFull
Event: 2058.937 Executing VM operation: G1CollectFull done
Event: 2069.278 Executing VM operation: G1CollectFull
Event: 2069.319 Executing VM operation: G1CollectFull done
Event: 2079.534 Executing VM operation: G1CollectFull
Event: 2079.560 Executing VM operation: G1CollectFull done
Event: 2089.789 Executing VM operation: G1CollectFull
Event: 2089.814 Executing VM operation: G1CollectFull done
Event: 2100.022 Executing VM operation: G1CollectFull
Event: 2100.050 Executing VM operation: G1CollectFull done
Event: 2110.109 Executing VM operation: G1CollectFull

Events (20 events):
Event: 323.867 loading class sun/nio/ch/SocketOptionRegistry$LazyInitialization done
Event: 323.867 loading class sun/nio/ch/OptionKey
Event: 323.867 loading class sun/nio/ch/OptionKey done
Event: 323.867 loading class sun/nio/ch/ExtendedSocketOption
Event: 323.867 loading class sun/nio/ch/ExtendedSocketOption done
Event: 323.867 loading class sun/nio/ch/ExtendedSocketOption$1
Event: 323.867 loading class sun/nio/ch/ExtendedSocketOption$1 done
Event: 323.867 loading class sun/security/ssl/Alert
Event: 323.877 loading class sun/security/ssl/Alert done
Event: 323.877 loading class sun/security/ssl/Alert$AlertConsumer
Event: 323.877 loading class sun/security/ssl/Alert$AlertConsumer done
Event: 323.877 loading class sun/security/ssl/Alert$Level
Event: 323.877 loading class sun/security/ssl/Alert$Level done
Event: 323.878 loading class sun/net/ConnectionResetException
Event: 323.878 loading class sun/net/ConnectionResetException done
Event: 383.880 Thread 0x000001cbf8b75bc0 Thread exited: 0x000001cbf8b75bc0
Event: 384.157 Thread 0x000001cbf4b4d330 Thread exited: 0x000001cbf4b4d330
Event: 384.157 Thread 0x000001cbf8b751a0 Thread exited: 0x000001cbf8b751a0
Event: 384.514 Thread 0x000001cbf4b505d0 Thread exited: 0x000001cbf4b505d0
Event: 384.514 Thread 0x000001cbf4b4e770 Thread exited: 0x000001cbf4b4e770


Dynamic libraries:
0x00007ff627f90000 - 0x00007ff627f9e000 	c:\Users\nicol\.vscode\extensions\redhat.java-1.29.0-win32-x64\jre\17.0.10-win32-x86_64\bin\java.exe
0x00007ffe33e90000 - 0x00007ffe340a6000 	C:\WINDOWS\SYSTEM32\ntdll.dll
0x00007ffe32470000 - 0x00007ffe32534000 	C:\WINDOWS\System32\KERNEL32.DLL
0x00007ffe312d0000 - 0x00007ffe31677000 	C:\WINDOWS\System32\KERNELBASE.dll
0x00007ffe31a70000 - 0x00007ffe31b81000 	C:\WINDOWS\System32\ucrtbase.dll
0x00007ffe0dd70000 - 0x00007ffe0dd8b000 	c:\Users\nicol\.vscode\extensions\redhat.java-1.29.0-win32-x64\jre\17.0.10-win32-x86_64\bin\VCRUNTIME140.dll
0x00007ffe0b230000 - 0x00007ffe0b247000 	c:\Users\nicol\.vscode\extensions\redhat.java-1.29.0-win32-x64\jre\17.0.10-win32-x86_64\bin\jli.dll
0x00007ffe33660000 - 0x00007ffe3380e000 	C:\WINDOWS\System32\USER32.dll
0x00007ffe1eaa0000 - 0x00007ffe1ed33000 	C:\WINDOWS\WinSxS\amd64_microsoft.windows.common-controls_6595b64144ccf1df_6.0.22621.3235_none_270f74e173860f98\COMCTL32.dll
0x00007ffe31180000 - 0x00007ffe311a6000 	C:\WINDOWS\System32\win32u.dll
0x00007ffe33630000 - 0x00007ffe33659000 	C:\WINDOWS\System32\GDI32.dll
0x00007ffe33d20000 - 0x00007ffe33dc7000 	C:\WINDOWS\System32\msvcrt.dll
0x00007ffe311b0000 - 0x00007ffe312c9000 	C:\WINDOWS\System32\gdi32full.dll
0x00007ffe31960000 - 0x00007ffe319fa000 	C:\WINDOWS\System32\msvcp_win.dll
0x00007ffe32420000 - 0x00007ffe32451000 	C:\WINDOWS\System32\IMM32.DLL
0x00007ffe26dc0000 - 0x00007ffe26dcc000 	c:\Users\nicol\.vscode\extensions\redhat.java-1.29.0-win32-x64\jre\17.0.10-win32-x86_64\bin\vcruntime140_1.dll
0x00007ffdca480000 - 0x00007ffdca50d000 	c:\Users\nicol\.vscode\extensions\redhat.java-1.29.0-win32-x64\jre\17.0.10-win32-x86_64\bin\msvcp140.dll
0x00007ffd9b1f0000 - 0x00007ffd9be52000 	c:\Users\nicol\.vscode\extensions\redhat.java-1.29.0-win32-x64\jre\17.0.10-win32-x86_64\bin\server\jvm.dll
0x00007ffe31d00000 - 0x00007ffe31db2000 	C:\WINDOWS\System32\ADVAPI32.dll
0x00007ffe31e20000 - 0x00007ffe31ec8000 	C:\WINDOWS\System32\sechost.dll
0x00007ffe318b0000 - 0x00007ffe318d8000 	C:\WINDOWS\System32\bcrypt.dll
0x00007ffe32540000 - 0x00007ffe32655000 	C:\WINDOWS\System32\RPCRT4.dll
0x00007ffe299b0000 - 0x00007ffe299e4000 	C:\WINDOWS\SYSTEM32\WINMM.dll
0x00007ffe30ea0000 - 0x00007ffe30eed000 	C:\WINDOWS\SYSTEM32\POWRPROF.dll
0x00007ffe1d260000 - 0x00007ffe1d269000 	C:\WINDOWS\SYSTEM32\WSOCK32.dll
0x00007ffe27b00000 - 0x00007ffe27b0a000 	C:\WINDOWS\SYSTEM32\VERSION.dll
0x00007ffe33a30000 - 0x00007ffe33aa1000 	C:\WINDOWS\System32\WS2_32.dll
0x00007ffe30e80000 - 0x00007ffe30e93000 	C:\WINDOWS\SYSTEM32\UMPDC.dll
0x00007ffe301c0000 - 0x00007ffe301d8000 	C:\WINDOWS\SYSTEM32\kernel.appcore.dll
0x00007ffe21e80000 - 0x00007ffe21e8a000 	c:\Users\nicol\.vscode\extensions\redhat.java-1.29.0-win32-x64\jre\17.0.10-win32-x86_64\bin\jimage.dll
0x00007ffe27e50000 - 0x00007ffe28083000 	C:\WINDOWS\SYSTEM32\DBGHELP.DLL
0x00007ffe332a0000 - 0x00007ffe33628000 	C:\WINDOWS\System32\combase.dll
0x00007ffe32f60000 - 0x00007ffe33037000 	C:\WINDOWS\System32\OLEAUT32.dll
0x00007ffe1e2f0000 - 0x00007ffe1e322000 	C:\WINDOWS\SYSTEM32\dbgcore.DLL
0x00007ffe318e0000 - 0x00007ffe31959000 	C:\WINDOWS\System32\bcryptPrimitives.dll
0x00007ffe01a40000 - 0x00007ffe01a65000 	c:\Users\nicol\.vscode\extensions\redhat.java-1.29.0-win32-x64\jre\17.0.10-win32-x86_64\bin\java.dll
0x00007ffe0b210000 - 0x00007ffe0b228000 	c:\Users\nicol\.vscode\extensions\redhat.java-1.29.0-win32-x64\jre\17.0.10-win32-x86_64\bin\zip.dll
0x00007ffe32700000 - 0x00007ffe32f5c000 	C:\WINDOWS\System32\SHELL32.dll
0x00007ffe2f0a0000 - 0x00007ffe2f999000 	C:\WINDOWS\SYSTEM32\windows.storage.dll
0x00007ffe2ef60000 - 0x00007ffe2f09e000 	C:\WINDOWS\SYSTEM32\wintypes.dll
0x00007ffe33040000 - 0x00007ffe33133000 	C:\WINDOWS\System32\SHCORE.dll
0x00007ffe33140000 - 0x00007ffe3319e000 	C:\WINDOWS\System32\shlwapi.dll
0x00007ffe310b0000 - 0x00007ffe310d1000 	C:\WINDOWS\SYSTEM32\profapi.dll
0x00007ffde58c0000 - 0x00007ffde58d9000 	C:\Users\nicol\.vscode\extensions\redhat.java-1.29.0-win32-x64\jre\17.0.10-win32-x86_64\bin\net.dll
0x00007ffe2b6b0000 - 0x00007ffe2b7e6000 	C:\WINDOWS\SYSTEM32\WINHTTP.dll
0x00007ffe30630000 - 0x00007ffe30699000 	C:\WINDOWS\system32\mswsock.dll
0x00007ffde58a0000 - 0x00007ffde58b6000 	C:\Users\nicol\.vscode\extensions\redhat.java-1.29.0-win32-x64\jre\17.0.10-win32-x86_64\bin\nio.dll
0x00007ffe1c790000 - 0x00007ffe1c7a0000 	c:\Users\nicol\.vscode\extensions\redhat.java-1.29.0-win32-x64\jre\17.0.10-win32-x86_64\bin\verify.dll
0x00007ffe30890000 - 0x00007ffe308ab000 	C:\WINDOWS\SYSTEM32\CRYPTSP.dll
0x00007ffe30120000 - 0x00007ffe30155000 	C:\WINDOWS\system32\rsaenh.dll
0x00007ffe30730000 - 0x00007ffe30758000 	C:\WINDOWS\SYSTEM32\USERENV.dll
0x00007ffe308b0000 - 0x00007ffe308bc000 	C:\WINDOWS\SYSTEM32\CRYPTBASE.dll
0x00007ffe2fc00000 - 0x00007ffe2fc2d000 	C:\WINDOWS\SYSTEM32\IPHLPAPI.DLL
0x00007ffe32660000 - 0x00007ffe32669000 	C:\WINDOWS\System32\NSI.dll
0x00007ffe2b160000 - 0x00007ffe2b179000 	C:\WINDOWS\SYSTEM32\dhcpcsvc6.DLL
0x00007ffe2b180000 - 0x00007ffe2b19f000 	C:\WINDOWS\SYSTEM32\dhcpcsvc.DLL
0x00007ffe2fc70000 - 0x00007ffe2fd69000 	C:\WINDOWS\SYSTEM32\DNSAPI.dll
0x00007ffe15910000 - 0x00007ffe15919000 	C:\Users\nicol\.vscode\extensions\redhat.java-1.29.0-win32-x64\jre\17.0.10-win32-x86_64\bin\management.dll
0x00007ffe15660000 - 0x00007ffe1566b000 	C:\Users\nicol\.vscode\extensions\redhat.java-1.29.0-win32-x64\jre\17.0.10-win32-x86_64\bin\management_ext.dll
0x00007ffe32460000 - 0x00007ffe32468000 	C:\WINDOWS\System32\PSAPI.DLL
0x00007ffe263f0000 - 0x00007ffe263fe000 	C:\Users\nicol\.vscode\extensions\redhat.java-1.29.0-win32-x64\jre\17.0.10-win32-x86_64\bin\sunmscapi.dll
0x00007ffe31680000 - 0x00007ffe317e7000 	C:\WINDOWS\System32\CRYPT32.dll
0x00007ffe30aa0000 - 0x00007ffe30ace000 	C:\WINDOWS\SYSTEM32\ncrypt.dll
0x00007ffe30a60000 - 0x00007ffe30a97000 	C:\WINDOWS\SYSTEM32\NTASN1.dll
0x00007ffe27d90000 - 0x00007ffe27d9a000 	C:\Windows\System32\rasadhlp.dll
0x00007ffe29900000 - 0x00007ffe29983000 	C:\WINDOWS\System32\fwpuclnt.dll
0x00007ffe150a0000 - 0x00007ffe150a9000 	C:\Users\nicol\.vscode\extensions\redhat.java-1.29.0-win32-x64\jre\17.0.10-win32-x86_64\bin\extnet.dll

dbghelp: loaded successfully - version: 4.0.5 - missing functions: none
symbol engine: initialized successfully - sym options: 0x614 - pdb path: .;c:\Users\nicol\.vscode\extensions\redhat.java-1.29.0-win32-x64\jre\17.0.10-win32-x86_64\bin;C:\WINDOWS\SYSTEM32;C:\WINDOWS\WinSxS\amd64_microsoft.windows.common-controls_6595b64144ccf1df_6.0.22621.3235_none_270f74e173860f98;c:\Users\nicol\.vscode\extensions\redhat.java-1.29.0-win32-x64\jre\17.0.10-win32-x86_64\bin\server

VM Arguments:
jvm_args: -XX:+HeapDumpOnOutOfMemoryError -Xmx1024m -Dsts.lsp.client=vscode -Dsts.log.file=/dev/null -XX:TieredStopAtLevel=1 -Xlog:jni+resolve=off -Dspring.config.location=file:c:\Users\nicol\.vscode\extensions\vmware.vscode-spring-boot-1.53.0\language-server\BOOT-INF\classes\application.properties 
java_command: org.springframework.ide.vscode.boot.app.BootLanguageServerBootApp
java_class_path (initial): c:\Users\nicol\.vscode\extensions\vmware.vscode-spring-boot-1.53.0\language-server\BOOT-INF\classes;c:\Users\nicol\.vscode\extensions\vmware.vscode-spring-boot-1.53.0\language-server\BOOT-INF\lib\annotations-24.1.0.jar;c:\Users\nicol\.vscode\extensions\vmware.vscode-spring-boot-1.53.0\language-server\BOOT-INF\lib\antlr4-runtime-4.11.1.jar;c:\Users\nicol\.vscode\extensions\vmware.vscode-spring-boot-1.53.0\language-server\BOOT-INF\lib\asm-9.6.jar;c:\Users\nicol\.vscode\extensions\vmware.vscode-spring-boot-1.53.0\language-server\BOOT-INF\lib\asm-analysis-9.6.jar;c:\Users\nicol\.vscode\extensions\vmware.vscode-spring-boot-1.53.0\language-server\BOOT-INF\lib\asm-tree-9.6.jar;c:\Users\nicol\.vscode\extensions\vmware.vscode-spring-boot-1.53.0\language-server\BOOT-INF\lib\asm-util-9.6.jar;c:\Users\nicol\.vscode\extensions\vmware.vscode-spring-boot-1.53.0\language-server\BOOT-INF\lib\caffeine-3.1.8.jar;c:\Users\nicol\.vscode\extensions\vmware.vscode-spring-boot-1.53.0\language-server\BOOT-INF\lib\checker-qual-3.12.0.jar;c:\Users\nicol\.vscode\extensions\vmware.vscode-spring-boot-1.53.0\language-server\BOOT-INF\lib\classgraph-4.8.149.jar;c:\Users\nicol\.vscode\extensions\vmware.vscode-spring-boot-1.53.0\language-server\BOOT-INF\lib\commons-codec-1.16.1.jar;c:\Users\nicol\.vscode\extensions\vmware.vscode-spring-boot-1.53.0\language-server\BOOT-INF\lib\commons-compress-1.26.0.jar;c:\Users\nicol\.vscode\extensions\vmware.vscode-spring-boot-1.53.0\language-server\BOOT-INF\lib\commons-io-2.4.jar;c:\Users\nicol\.vscode\extensions\vmware.vscode-spring-boot-1.53.0\language-server\BOOT-INF\lib\commons-java-1.53.0-SNAPSHOT.jar;c:\Users\nicol\.vscode\extensions\vmware.vscode-spring-boot-1.53.0\language-server\BOOT-INF\lib\commons-lang3-3.13.0.jar;c:\Users\nicol\.vscode\extensions\vmware.vscode-spring-boot-1.53.0\language-server\BOOT-INF\lib\commons-language-server-1.53.0-SNAPSHOT.jar;c:\Users\nicol\.vscode\extensions\vmware.vscode-spring-boot-1.53.0\language
Launcher Type: SUN_STANDARD

[Global flags]
     intx CICompilerCount                          = 4                                         {product} {ergonomic}
     uint ConcGCThreads                            = 3                                         {product} {ergonomic}
     uint G1ConcRefinementThreads                  = 10                                        {product} {ergonomic}
   size_t G1HeapRegionSize                         = 1048576                                   {product} {ergonomic}
    uintx GCDrainStackTargetSize                   = 64                                        {product} {ergonomic}
     bool HeapDumpOnOutOfMemoryError               = true                                   {manageable} {command line}
   size_t InitialHeapSize                          = 125829120                                 {product} {ergonomic}
   size_t MarkStackSize                            = 4194304                                   {product} {ergonomic}
   size_t MaxHeapSize                              = 1073741824                                {product} {command line}
   size_t MaxNewSize                               = 643825664                                 {product} {ergonomic}
   size_t MinHeapDeltaBytes                        = 1048576                                   {product} {ergonomic}
   size_t MinHeapSize                              = 8388608                                   {product} {ergonomic}
    uintx NonProfiledCodeHeapSize                  = 0                                      {pd product} {ergonomic}
     bool ProfileInterpreter                       = false                                  {pd product} {command line}
    uintx ProfiledCodeHeapSize                     = 0                                      {pd product} {ergonomic}
   size_t SoftMaxHeapSize                          = 1073741824                             {manageable} {ergonomic}
     intx TieredStopAtLevel                        = 1                                         {product} {command line}
     bool UseCompressedClassPointers               = true                           {product lp64_product} {ergonomic}
     bool UseCompressedOops                        = true                           {product lp64_product} {ergonomic}
     bool UseG1GC                                  = true                                      {product} {ergonomic}
     bool UseLargePagesIndividualAllocation        = false                                  {pd product} {ergonomic}

Logging:
Log output configuration:
 #0: stdout all=warning,jni+resolve=off uptime,level,tags
 #1: stderr all=off uptime,level,tags

Environment Variables:
PATH=C:\Program Files (x86)\Common Files\Oracle\Java\javapath;C:\ProgramData\Oracle\Java\javapath;C:\WINDOWS\system32;C:\WINDOWS;C:\WINDOWS\System32\Wbem;C:\WINDOWS\System32\WindowsPowerShell\v1.0\;C:\WINDOWS\System32\OpenSSH\;C:\Program Files\nodejs\;C:\Program Files\Microsoft SQL Server\150\Tools\Binn\;C:\Program Files\Microsoft SQL Server\Client SDK\ODBC\170\Tools\Binn\;C:\Program Files\dotnet\;C:\Program Files\Docker\Docker\resources\bin;C:\Users\nicol\AppData\Local\Microsoft\WindowsApps;D:\Nicolas\Microsoft VS Code\bin;C:\Users\nicol\AppData\Roaming\npm;C:\Users\nicol\AppData\Local\Programs\Git\cmd;C:\Users\nicol\.dotnet\tools
USERNAME=nicol
OS=Windows_NT
PROCESSOR_IDENTIFIER=AMD64 Family 23 Model 96 Stepping 1, AuthenticAMD
TMP=C:\Users\nicol\AppData\Local\Temp
TEMP=C:\Users\nicol\AppData\Local\Temp



Periodic native trim disabled


---------------  S Y S T E M  ---------------

OS:
 Windows 11 , 64 bit Build 22621 (10.0.22621.3374)
OS uptime: 0 days 20:29 hours
Hyper-V role detected

CPU: total 12 (initial active 12) (12 cores per cpu, 2 threads per core) family 23 model 96 stepping 1 microcode 0x0, cx8, cmov, fxsr, ht, mmx, 3dnowpref, sse, sse2, sse3, ssse3, sse4a, sse4.1, sse4.2, popcnt, lzcnt, tsc, tscinvbit, avx, avx2, aes, clmul, bmi1, bmi2, adx, sha, fma, vzeroupper, clflush, clflushopt, hv
Processor Information for all 12 processors :
  Max Mhz: 3001, Current Mhz: 3001, Mhz Limit: 3001

Memory: 4k page, system-wide physical 7598M (369M free)
TotalPageFile size 19814M (AvailPageFile size 4M)
current process WorkingSet (physical memory assigned to process): 66M, peak: 223M
current process commit charge ("private bytes"): 261M, peak: 277M

vm_info: OpenJDK 64-Bit Server VM (17.0.10+7) for windows-amd64 JRE (17.0.10+7), built on Jan 16 2024 23:25:11 by "admin" with MS VC++ 16.10 / 16.11 (VS2019)

END.
